[debug] [2024-01-13T08:15:12.351Z] ----------------------------------------------------------------------
[debug] [2024-01-13T08:15:12.364Z] Command:       C:\Program Files\nodejs\node.exe C:\Users\carto\AppData\Roaming\npm\node_modules\firebase-tools\lib\bin\firebase.js serve
[debug] [2024-01-13T08:15:12.365Z] CLI Version:   13.0.3
[debug] [2024-01-13T08:15:12.366Z] Platform:      win32
[debug] [2024-01-13T08:15:12.366Z] Node Version:  v20.11.0
[debug] [2024-01-13T08:15:12.367Z] Time:          Sat Jan 13 2024 01:15:12 GMT-0700 (Mountain Standard Time)
[debug] [2024-01-13T08:15:12.367Z] ----------------------------------------------------------------------
[debug] 
[debug] [2024-01-13T08:15:13.300Z] > command requires scopes: ["email","openid","https://www.googleapis.com/auth/cloudplatformprojects.readonly","https://www.googleapis.com/auth/firebase","https://www.googleapis.com/auth/cloud-platform"]
[debug] [2024-01-13T08:15:13.301Z] > authorizing via signed-in user (cartoonsredbob@gmail.com)
[debug] [2024-01-13T08:15:13.302Z] [iam] checking project ally-resume for permissions ["firebase.projects.get"]
[debug] [2024-01-13T08:15:13.309Z] >>> [apiv2][query] POST https://cloudresourcemanager.googleapis.com/v1/projects/ally-resume:testIamPermissions [none]
[debug] [2024-01-13T08:15:13.310Z] >>> [apiv2][(partial)header] POST https://cloudresourcemanager.googleapis.com/v1/projects/ally-resume:testIamPermissions x-goog-quota-user=projects/ally-resume
[debug] [2024-01-13T08:15:13.311Z] >>> [apiv2][body] POST https://cloudresourcemanager.googleapis.com/v1/projects/ally-resume:testIamPermissions {"permissions":["firebase.projects.get"]}
[debug] [2024-01-13T08:15:13.582Z] <<< [apiv2][status] POST https://cloudresourcemanager.googleapis.com/v1/projects/ally-resume:testIamPermissions 200
[debug] [2024-01-13T08:15:13.583Z] <<< [apiv2][body] POST https://cloudresourcemanager.googleapis.com/v1/projects/ally-resume:testIamPermissions {"permissions":["firebase.projects.get"]}
[debug] [2024-01-13T08:15:13.584Z] >>> [apiv2][query] GET https://firebase.googleapis.com/v1beta1/projects/ally-resume [none]
[debug] [2024-01-13T08:15:13.771Z] <<< [apiv2][status] GET https://firebase.googleapis.com/v1beta1/projects/ally-resume 200
[debug] [2024-01-13T08:15:13.771Z] <<< [apiv2][body] GET https://firebase.googleapis.com/v1beta1/projects/ally-resume {"projectId":"ally-resume","projectNumber":"962800397084","displayName":"Ally-Resume","name":"projects/ally-resume","resources":{"hostingSite":"ally-resume"},"state":"ACTIVE","etag":"1_03feddde-7678-405f-874e-bb3ee78a6be0"}
[info] 
[info] === Serving from 'C:\Users\carto\Desktop\VSCode-Workspaces\12mar24\Allys-Resume'...
[info] 
[debug] [2024-01-13T08:15:13.785Z] >>> [apiv2][query] GET https://firebase.googleapis.com/v1beta1/projects/ally-resume [none]
[debug] [2024-01-13T08:15:13.899Z] <<< [apiv2][status] GET https://firebase.googleapis.com/v1beta1/projects/ally-resume 200
[debug] [2024-01-13T08:15:13.900Z] <<< [apiv2][body] GET https://firebase.googleapis.com/v1beta1/projects/ally-resume {"projectId":"ally-resume","projectNumber":"962800397084","displayName":"Ally-Resume","name":"projects/ally-resume","resources":{"hostingSite":"ally-resume"},"state":"ACTIVE","etag":"1_03feddde-7678-405f-874e-bb3ee78a6be0"}
[info] 
   Thank you for trying our early preview of Angular support on Firebase Hosting.
   During the preview, support is best-effort and breaking changes can be expected. Proceed with caution.

   Documentation: https://firebase.google.com/docs/hosting/frameworks/angular
   File a bug: https://github.com/firebase/firebase-tools/issues/new?template=bug_report.md
   Submit a feature request: https://github.com/firebase/firebase-tools/issues/new?template=feature_request.md

   We'd love to learn from you. Express your interest in helping us shape the future of Firebase Hosting: https://goo.gle/41enW5X

[debug] [2024-01-13T08:18:01.577Z] ----------------------------------------------------------------------
[debug] [2024-01-13T08:18:01.585Z] Command:       C:\Program Files\nodejs\node.exe C:\Users\carto\AppData\Roaming\npm\node_modules\firebase-tools\lib\bin\firebase.js serve
[debug] [2024-01-13T08:18:01.587Z] CLI Version:   13.0.3
[debug] [2024-01-13T08:18:01.588Z] Platform:      win32
[debug] [2024-01-13T08:18:01.588Z] Node Version:  v20.11.0
[debug] [2024-01-13T08:18:01.588Z] Time:          Sat Jan 13 2024 01:18:01 GMT-0700 (Mountain Standard Time)
[debug] [2024-01-13T08:18:01.589Z] ----------------------------------------------------------------------
[debug] 
[debug] [2024-01-13T08:18:01.942Z] > command requires scopes: ["email","openid","https://www.googleapis.com/auth/cloudplatformprojects.readonly","https://www.googleapis.com/auth/firebase","https://www.googleapis.com/auth/cloud-platform"]
[debug] [2024-01-13T08:18:01.943Z] > authorizing via signed-in user (cartoonsredbob@gmail.com)
[debug] [2024-01-13T08:18:01.944Z] [iam] checking project ally-resume for permissions ["firebase.projects.get"]
[debug] [2024-01-13T08:18:01.949Z] >>> [apiv2][query] POST https://cloudresourcemanager.googleapis.com/v1/projects/ally-resume:testIamPermissions [none]
[debug] [2024-01-13T08:18:01.949Z] >>> [apiv2][(partial)header] POST https://cloudresourcemanager.googleapis.com/v1/projects/ally-resume:testIamPermissions x-goog-quota-user=projects/ally-resume
[debug] [2024-01-13T08:18:01.949Z] >>> [apiv2][body] POST https://cloudresourcemanager.googleapis.com/v1/projects/ally-resume:testIamPermissions {"permissions":["firebase.projects.get"]}
[debug] [2024-01-13T08:18:02.239Z] <<< [apiv2][status] POST https://cloudresourcemanager.googleapis.com/v1/projects/ally-resume:testIamPermissions 200
[debug] [2024-01-13T08:18:02.241Z] <<< [apiv2][body] POST https://cloudresourcemanager.googleapis.com/v1/projects/ally-resume:testIamPermissions {"permissions":["firebase.projects.get"]}
[debug] [2024-01-13T08:18:02.243Z] >>> [apiv2][query] GET https://firebase.googleapis.com/v1beta1/projects/ally-resume [none]
[debug] [2024-01-13T08:18:02.446Z] <<< [apiv2][status] GET https://firebase.googleapis.com/v1beta1/projects/ally-resume 200
[debug] [2024-01-13T08:18:02.447Z] <<< [apiv2][body] GET https://firebase.googleapis.com/v1beta1/projects/ally-resume {"projectId":"ally-resume","projectNumber":"962800397084","displayName":"Ally-Resume","name":"projects/ally-resume","resources":{"hostingSite":"ally-resume"},"state":"ACTIVE","etag":"1_03feddde-7678-405f-874e-bb3ee78a6be0"}
[info] 
[info] === Serving from 'C:\Users\carto\Desktop\VSCode-Workspaces\12mar24\Allys-Resume'...
[info] 
[debug] [2024-01-13T08:18:02.461Z] >>> [apiv2][query] GET https://firebase.googleapis.com/v1beta1/projects/ally-resume [none]
[debug] [2024-01-13T08:18:02.561Z] <<< [apiv2][status] GET https://firebase.googleapis.com/v1beta1/projects/ally-resume 200
[debug] [2024-01-13T08:18:02.562Z] <<< [apiv2][body] GET https://firebase.googleapis.com/v1beta1/projects/ally-resume {"projectId":"ally-resume","projectNumber":"962800397084","displayName":"Ally-Resume","name":"projects/ally-resume","resources":{"hostingSite":"ally-resume"},"state":"ACTIVE","etag":"1_03feddde-7678-405f-874e-bb3ee78a6be0"}
[info] 
   Thank you for trying our early preview of Angular support on Firebase Hosting.
   During the preview, support is best-effort and breaking changes can be expected. Proceed with caution.

   Documentation: https://firebase.google.com/docs/hosting/frameworks/angular
   File a bug: https://github.com/firebase/firebase-tools/issues/new?template=bug_report.md
   Submit a feature request: https://github.com/firebase/firebase-tools/issues/new?template=feature_request.md

   We'd love to learn from you. Express your interest in helping us shape the future of Firebase Hosting: https://goo.gle/41enW5X

